# Logfile created on 2014-01-25 15:53:10 -0800 by logger.rb/41954
I, [2014-01-25T15:53:10.326913 #5231]  INFO -- : 0:  rake (10.1.1) from /Users/Jordan/.rvm/rubies/ruby-2.0.0-p353/lib/ruby/gems/2.0.0/specifications/rake-10.1.1.gemspec
I, [2014-01-25T15:53:10.328039 #5231]  INFO -- : 0:  i18n (0.6.9) from /Users/Jordan/.rvm/rubies/ruby-2.0.0-p353/lib/ruby/gems/2.0.0/specifications/i18n-0.6.9.gemspec
I, [2014-01-25T15:53:10.855667 #5231]  INFO -- : 0:  minitest (4.7.5) from /Users/Jordan/.rvm/rubies/ruby-2.0.0-p353/lib/ruby/gems/2.0.0/specifications/minitest-4.7.5.gemspec
I, [2014-01-25T15:53:10.856249 #5231]  INFO -- : 0:  multi_json (1.8.4) from /Users/Jordan/.rvm/rubies/ruby-2.0.0-p353/lib/ruby/gems/2.0.0/specifications/multi_json-1.8.4.gemspec
I, [2014-01-25T15:53:10.856618 #5231]  INFO -- : 0:  atomic (1.1.14) from /Users/Jordan/.rvm/rubies/ruby-2.0.0-p353/lib/ruby/gems/2.0.0/specifications/atomic-1.1.14.gemspec
I, [2014-01-25T15:53:10.856986 #5231]  INFO -- : 0:  thread_safe (0.1.3) from /Users/Jordan/.rvm/rubies/ruby-2.0.0-p353/lib/ruby/gems/2.0.0/specifications/thread_safe-0.1.3.gemspec
I, [2014-01-25T15:53:10.857352 #5231]  INFO -- : 0:  tzinfo (0.3.38) from /Users/Jordan/.rvm/rubies/ruby-2.0.0-p353/lib/ruby/gems/2.0.0/specifications/tzinfo-0.3.38.gemspec
I, [2014-01-25T15:53:10.857715 #5231]  INFO -- : 0:  activesupport (4.0.0) from /Users/Jordan/.rvm/rubies/ruby-2.0.0-p353/lib/ruby/gems/2.0.0/specifications/activesupport-4.0.0.gemspec
I, [2014-01-25T15:53:10.858079 #5231]  INFO -- : 0:  builder (3.1.4) from /Users/Jordan/.rvm/rubies/ruby-2.0.0-p353/lib/ruby/gems/2.0.0/specifications/builder-3.1.4.gemspec
I, [2014-01-25T15:53:10.859236 #5231]  INFO -- : 0:  erubis (2.7.0) from /Users/Jordan/.rvm/rubies/ruby-2.0.0-p353/lib/ruby/gems/2.0.0/specifications/erubis-2.7.0.gemspec
I, [2014-01-25T15:53:10.862178 #5231]  INFO -- : 0:  rack (1.5.2) from /Users/Jordan/.rvm/rubies/ruby-2.0.0-p353/lib/ruby/gems/2.0.0/specifications/rack-1.5.2.gemspec
I, [2014-01-25T15:53:10.862852 #5231]  INFO -- : 0:  rack-test (0.6.2) from /Users/Jordan/.rvm/rubies/ruby-2.0.0-p353/lib/ruby/gems/2.0.0/specifications/rack-test-0.6.2.gemspec
I, [2014-01-25T15:53:10.863233 #5231]  INFO -- : 0:  actionpack (4.0.0) from /Users/Jordan/.rvm/rubies/ruby-2.0.0-p353/lib/ruby/gems/2.0.0/specifications/actionpack-4.0.0.gemspec
I, [2014-01-25T15:53:10.863606 #5231]  INFO -- : 0:  mime-types (1.25.1) from /Users/Jordan/.rvm/rubies/ruby-2.0.0-p353/lib/ruby/gems/2.0.0/specifications/mime-types-1.25.1.gemspec
I, [2014-01-25T15:53:10.863990 #5231]  INFO -- : 0:  polyglot (0.3.3) from /Users/Jordan/.rvm/rubies/ruby-2.0.0-p353/lib/ruby/gems/2.0.0/specifications/polyglot-0.3.3.gemspec
I, [2014-01-25T15:53:10.864425 #5231]  INFO -- : 0:  treetop (1.4.15) from /Users/Jordan/.rvm/rubies/ruby-2.0.0-p353/lib/ruby/gems/2.0.0/specifications/treetop-1.4.15.gemspec
I, [2014-01-25T15:53:10.864936 #5231]  INFO -- : 0:  mail (2.5.4) from /Users/Jordan/.rvm/rubies/ruby-2.0.0-p353/lib/ruby/gems/2.0.0/specifications/mail-2.5.4.gemspec
I, [2014-01-25T15:53:10.865476 #5231]  INFO -- : 0:  actionmailer (4.0.0) from /Users/Jordan/.rvm/rubies/ruby-2.0.0-p353/lib/ruby/gems/2.0.0/specifications/actionmailer-4.0.0.gemspec
I, [2014-01-25T15:53:10.865818 #5231]  INFO -- : 0:  activemodel (4.0.0) from /Users/Jordan/.rvm/rubies/ruby-2.0.0-p353/lib/ruby/gems/2.0.0/specifications/activemodel-4.0.0.gemspec
I, [2014-01-25T15:53:10.866210 #5231]  INFO -- : 0:  activerecord-deprecated_finders (1.0.3) from /Users/Jordan/.rvm/rubies/ruby-2.0.0-p353/lib/ruby/gems/2.0.0/specifications/activerecord-deprecated_finders-1.0.3.gemspec
I, [2014-01-25T15:53:10.866674 #5231]  INFO -- : 0:  arel (4.0.1) from /Users/Jordan/.rvm/rubies/ruby-2.0.0-p353/lib/ruby/gems/2.0.0/specifications/arel-4.0.1.gemspec
I, [2014-01-25T15:53:10.867457 #5231]  INFO -- : 0:  activerecord (4.0.0) from /Users/Jordan/.rvm/rubies/ruby-2.0.0-p353/lib/ruby/gems/2.0.0/specifications/activerecord-4.0.0.gemspec
I, [2014-01-25T15:53:10.867802 #5231]  INFO -- : 0:  thor (0.18.1) from /Users/Jordan/.rvm/rubies/ruby-2.0.0-p353/lib/ruby/gems/2.0.0/specifications/thor-0.18.1.gemspec
I, [2014-01-25T15:53:10.868788 #5231]  INFO -- : 0:  railties (4.0.0) from /Users/Jordan/.rvm/rubies/ruby-2.0.0-p353/lib/ruby/gems/2.0.0/specifications/railties-4.0.0.gemspec
I, [2014-01-25T15:53:11.386809 #5231]  INFO -- : 0:  activerecord-session_store (0.1.0) from /Users/Jordan/.rvm/rubies/ruby-2.0.0-p353/lib/ruby/gems/2.0.0/specifications/activerecord-session_store-0.1.0.gemspec
I, [2014-01-25T15:53:12.336455 #5231]  INFO -- : 0:  coffee-script-source (1.6.3) from /Users/Jordan/.rvm/rubies/ruby-2.0.0-p353/lib/ruby/gems/2.0.0/specifications/coffee-script-source-1.6.3.gemspec
I, [2014-01-25T15:53:12.865533 #5231]  INFO -- : 0:  execjs (2.0.2) from /Users/Jordan/.rvm/rubies/ruby-2.0.0-p353/lib/ruby/gems/2.0.0/specifications/execjs-2.0.2.gemspec
I, [2014-01-25T15:53:13.760928 #5231]  INFO -- : 0:  coffee-script (2.2.0) from /Users/Jordan/.rvm/rubies/ruby-2.0.0-p353/lib/ruby/gems/2.0.0/specifications/coffee-script-2.2.0.gemspec
I, [2014-01-25T15:53:14.373109 #5231]  INFO -- : 0:  coffee-rails (4.0.1) from /Users/Jordan/.rvm/rubies/ruby-2.0.0-p353/lib/ruby/gems/2.0.0/specifications/coffee-rails-4.0.1.gemspec
I, [2014-01-25T15:53:14.373928 #5231]  INFO -- : 0:  hike (1.2.3) from /Users/Jordan/.rvm/rubies/ruby-2.0.0-p353/lib/ruby/gems/2.0.0/specifications/hike-1.2.3.gemspec
I, [2014-01-25T15:53:15.061299 #5231]  INFO -- : 0:  jbuilder (1.5.3) from /Users/Jordan/.rvm/rubies/ruby-2.0.0-p353/lib/ruby/gems/2.0.0/specifications/jbuilder-1.5.3.gemspec
I, [2014-01-25T15:53:16.372499 #5231]  INFO -- : 0:  jquery-rails (3.0.4) from /Users/Jordan/.rvm/rubies/ruby-2.0.0-p353/lib/ruby/gems/2.0.0/specifications/jquery-rails-3.0.4.gemspec
I, [2014-01-25T15:53:19.638065 #5231]  INFO -- : 0:  json (1.8.1) from /Users/Jordan/.rvm/rubies/ruby-2.0.0-p353/lib/ruby/gems/2.0.0/specifications/json-1.8.1.gemspec
I, [2014-01-25T15:53:33.849630 #5231]  INFO -- : 0:  pg (0.17.1) from /Users/Jordan/.rvm/rubies/ruby-2.0.0-p353/lib/ruby/gems/2.0.0/specifications/pg-0.17.1.gemspec
I, [2014-01-25T15:53:33.850689 #5231]  INFO -- : 0:  bundler (1.5.1) from /Users/Jordan/.rvm/rubies/ruby-2.0.0-p353/lib/ruby/gems/2.0.0/specifications/bundler-1.5.1.gemspec
I, [2014-01-25T15:53:33.852019 #5231]  INFO -- : 0:  tilt (1.4.1) from /Users/Jordan/.rvm/rubies/ruby-2.0.0-p353/lib/ruby/gems/2.0.0/specifications/tilt-1.4.1.gemspec
I, [2014-01-25T15:53:33.852693 #5231]  INFO -- : 0:  sprockets (2.10.1) from /Users/Jordan/.rvm/rubies/ruby-2.0.0-p353/lib/ruby/gems/2.0.0/specifications/sprockets-2.10.1.gemspec
I, [2014-01-25T15:53:33.853228 #5231]  INFO -- : 0:  sprockets-rails (2.0.1) from /Users/Jordan/.rvm/rubies/ruby-2.0.0-p353/lib/ruby/gems/2.0.0/specifications/sprockets-rails-2.0.1.gemspec
I, [2014-01-25T15:53:33.853764 #5231]  INFO -- : 0:  rails (4.0.0) from /Users/Jordan/.rvm/rubies/ruby-2.0.0-p353/lib/ruby/gems/2.0.0/specifications/rails-4.0.0.gemspec
I, [2014-01-25T15:53:35.879171 #5231]  INFO -- : 0:  rdoc (4.1.1) from /Users/Jordan/.rvm/rubies/ruby-2.0.0-p353/lib/ruby/gems/2.0.0/specifications/rdoc-4.1.1.gemspec
I, [2014-01-25T15:53:37.786735 #5231]  INFO -- : 0:  sass (3.2.13) from /Users/Jordan/.rvm/rubies/ruby-2.0.0-p353/lib/ruby/gems/2.0.0/specifications/sass-3.2.13.gemspec
I, [2014-01-25T15:53:38.692866 #5231]  INFO -- : 0:  sass-rails (4.0.1) from /Users/Jordan/.rvm/rubies/ruby-2.0.0-p353/lib/ruby/gems/2.0.0/specifications/sass-rails-4.0.1.gemspec
I, [2014-01-25T15:53:40.454170 #5231]  INFO -- : 0:  sdoc (0.4.0) from /Users/Jordan/.rvm/rubies/ruby-2.0.0-p353/lib/ruby/gems/2.0.0/specifications/sdoc-0.4.0.gemspec
I, [2014-01-25T15:53:41.114921 #5231]  INFO -- : 0:  turbolinks (2.2.0) from /Users/Jordan/.rvm/rubies/ruby-2.0.0-p353/lib/ruby/gems/2.0.0/specifications/turbolinks-2.2.0.gemspec
I, [2014-01-25T15:53:41.672996 #5231]  INFO -- : 0:  uglifier (2.4.0) from /Users/Jordan/.rvm/rubies/ruby-2.0.0-p353/lib/ruby/gems/2.0.0/specifications/uglifier-2.4.0.gemspec
I, [2014-01-25T16:01:25.132395 #6297]  INFO -- : 0:  rake (10.1.1) from /Users/Jordan/.rvm/rubies/ruby-2.0.0-p353/lib/ruby/gems/2.0.0/specifications/rake-10.1.1.gemspec
I, [2014-01-25T16:01:25.160505 #6297]  INFO -- : 0:  i18n (0.6.9) from /Users/Jordan/.rvm/rubies/ruby-2.0.0-p353/lib/ruby/gems/2.0.0/specifications/i18n-0.6.9.gemspec
I, [2014-01-25T16:01:25.160925 #6297]  INFO -- : 0:  minitest (4.7.5) from /Users/Jordan/.rvm/rubies/ruby-2.0.0-p353/lib/ruby/gems/2.0.0/specifications/minitest-4.7.5.gemspec
I, [2014-01-25T16:01:25.161256 #6297]  INFO -- : 0:  multi_json (1.8.4) from /Users/Jordan/.rvm/rubies/ruby-2.0.0-p353/lib/ruby/gems/2.0.0/specifications/multi_json-1.8.4.gemspec
I, [2014-01-25T16:01:25.161583 #6297]  INFO -- : 0:  atomic (1.1.14) from /Users/Jordan/.rvm/rubies/ruby-2.0.0-p353/lib/ruby/gems/2.0.0/specifications/atomic-1.1.14.gemspec
I, [2014-01-25T16:01:25.161900 #6297]  INFO -- : 0:  thread_safe (0.1.3) from /Users/Jordan/.rvm/rubies/ruby-2.0.0-p353/lib/ruby/gems/2.0.0/specifications/thread_safe-0.1.3.gemspec
I, [2014-01-25T16:01:25.162227 #6297]  INFO -- : 0:  tzinfo (0.3.38) from /Users/Jordan/.rvm/rubies/ruby-2.0.0-p353/lib/ruby/gems/2.0.0/specifications/tzinfo-0.3.38.gemspec
I, [2014-01-25T16:01:25.162551 #6297]  INFO -- : 0:  activesupport (4.0.0) from /Users/Jordan/.rvm/rubies/ruby-2.0.0-p353/lib/ruby/gems/2.0.0/specifications/activesupport-4.0.0.gemspec
I, [2014-01-25T16:01:25.162961 #6297]  INFO -- : 0:  builder (3.1.4) from /Users/Jordan/.rvm/rubies/ruby-2.0.0-p353/lib/ruby/gems/2.0.0/specifications/builder-3.1.4.gemspec
I, [2014-01-25T16:01:25.163556 #6297]  INFO -- : 0:  erubis (2.7.0) from /Users/Jordan/.rvm/rubies/ruby-2.0.0-p353/lib/ruby/gems/2.0.0/specifications/erubis-2.7.0.gemspec
I, [2014-01-25T16:01:25.163944 #6297]  INFO -- : 0:  rack (1.5.2) from /Users/Jordan/.rvm/rubies/ruby-2.0.0-p353/lib/ruby/gems/2.0.0/specifications/rack-1.5.2.gemspec
I, [2014-01-25T16:01:25.164309 #6297]  INFO -- : 0:  rack-test (0.6.2) from /Users/Jordan/.rvm/rubies/ruby-2.0.0-p353/lib/ruby/gems/2.0.0/specifications/rack-test-0.6.2.gemspec
I, [2014-01-25T16:01:25.164633 #6297]  INFO -- : 0:  actionpack (4.0.0) from /Users/Jordan/.rvm/rubies/ruby-2.0.0-p353/lib/ruby/gems/2.0.0/specifications/actionpack-4.0.0.gemspec
I, [2014-01-25T16:01:25.164980 #6297]  INFO -- : 0:  mime-types (1.25.1) from /Users/Jordan/.rvm/rubies/ruby-2.0.0-p353/lib/ruby/gems/2.0.0/specifications/mime-types-1.25.1.gemspec
I, [2014-01-25T16:01:25.165345 #6297]  INFO -- : 0:  polyglot (0.3.3) from /Users/Jordan/.rvm/rubies/ruby-2.0.0-p353/lib/ruby/gems/2.0.0/specifications/polyglot-0.3.3.gemspec
I, [2014-01-25T16:01:25.170021 #6297]  INFO -- : 0:  treetop (1.4.15) from /Users/Jordan/.rvm/rubies/ruby-2.0.0-p353/lib/ruby/gems/2.0.0/specifications/treetop-1.4.15.gemspec
I, [2014-01-25T16:01:25.170795 #6297]  INFO -- : 0:  mail (2.5.4) from /Users/Jordan/.rvm/rubies/ruby-2.0.0-p353/lib/ruby/gems/2.0.0/specifications/mail-2.5.4.gemspec
I, [2014-01-25T16:01:25.171308 #6297]  INFO -- : 0:  actionmailer (4.0.0) from /Users/Jordan/.rvm/rubies/ruby-2.0.0-p353/lib/ruby/gems/2.0.0/specifications/actionmailer-4.0.0.gemspec
I, [2014-01-25T16:01:25.171650 #6297]  INFO -- : 0:  activemodel (4.0.0) from /Users/Jordan/.rvm/rubies/ruby-2.0.0-p353/lib/ruby/gems/2.0.0/specifications/activemodel-4.0.0.gemspec
I, [2014-01-25T16:01:25.172174 #6297]  INFO -- : 0:  activerecord-deprecated_finders (1.0.3) from /Users/Jordan/.rvm/rubies/ruby-2.0.0-p353/lib/ruby/gems/2.0.0/specifications/activerecord-deprecated_finders-1.0.3.gemspec
I, [2014-01-25T16:01:25.172582 #6297]  INFO -- : 0:  arel (4.0.1) from /Users/Jordan/.rvm/rubies/ruby-2.0.0-p353/lib/ruby/gems/2.0.0/specifications/arel-4.0.1.gemspec
I, [2014-01-25T16:01:25.172974 #6297]  INFO -- : 0:  activerecord (4.0.0) from /Users/Jordan/.rvm/rubies/ruby-2.0.0-p353/lib/ruby/gems/2.0.0/specifications/activerecord-4.0.0.gemspec
I, [2014-01-25T16:01:25.173338 #6297]  INFO -- : 0:  thor (0.18.1) from /Users/Jordan/.rvm/rubies/ruby-2.0.0-p353/lib/ruby/gems/2.0.0/specifications/thor-0.18.1.gemspec
I, [2014-01-25T16:01:25.173944 #6297]  INFO -- : 0:  railties (4.0.0) from /Users/Jordan/.rvm/rubies/ruby-2.0.0-p353/lib/ruby/gems/2.0.0/specifications/railties-4.0.0.gemspec
I, [2014-01-25T16:01:25.174395 #6297]  INFO -- : 0:  activerecord-session_store (0.1.0) from /Users/Jordan/.rvm/rubies/ruby-2.0.0-p353/lib/ruby/gems/2.0.0/specifications/activerecord-session_store-0.1.0.gemspec
I, [2014-01-25T16:01:25.174825 #6297]  INFO -- : 0:  coffee-script-source (1.6.3) from /Users/Jordan/.rvm/rubies/ruby-2.0.0-p353/lib/ruby/gems/2.0.0/specifications/coffee-script-source-1.6.3.gemspec
I, [2014-01-25T16:01:25.175230 #6297]  INFO -- : 0:  execjs (2.0.2) from /Users/Jordan/.rvm/rubies/ruby-2.0.0-p353/lib/ruby/gems/2.0.0/specifications/execjs-2.0.2.gemspec
I, [2014-01-25T16:01:25.175644 #6297]  INFO -- : 0:  coffee-script (2.2.0) from /Users/Jordan/.rvm/rubies/ruby-2.0.0-p353/lib/ruby/gems/2.0.0/specifications/coffee-script-2.2.0.gemspec
I, [2014-01-25T16:01:25.176057 #6297]  INFO -- : 0:  coffee-rails (4.0.1) from /Users/Jordan/.rvm/rubies/ruby-2.0.0-p353/lib/ruby/gems/2.0.0/specifications/coffee-rails-4.0.1.gemspec
I, [2014-01-25T16:01:25.199254 #6297]  INFO -- : 0:  hike (1.2.3) from /Users/Jordan/.rvm/rubies/ruby-2.0.0-p353/lib/ruby/gems/2.0.0/specifications/hike-1.2.3.gemspec
I, [2014-01-25T16:01:25.205135 #6297]  INFO -- : 0:  jbuilder (1.5.3) from /Users/Jordan/.rvm/rubies/ruby-2.0.0-p353/lib/ruby/gems/2.0.0/specifications/jbuilder-1.5.3.gemspec
I, [2014-01-25T16:01:25.205655 #6297]  INFO -- : 0:  jquery-rails (3.0.4) from /Users/Jordan/.rvm/rubies/ruby-2.0.0-p353/lib/ruby/gems/2.0.0/specifications/jquery-rails-3.0.4.gemspec
I, [2014-01-25T16:01:25.206063 #6297]  INFO -- : 0:  json (1.8.1) from /Users/Jordan/.rvm/rubies/ruby-2.0.0-p353/lib/ruby/gems/2.0.0/specifications/json-1.8.1.gemspec
I, [2014-01-25T16:01:25.206479 #6297]  INFO -- : 0:  pg (0.17.1) from /Users/Jordan/.rvm/rubies/ruby-2.0.0-p353/lib/ruby/gems/2.0.0/specifications/pg-0.17.1.gemspec
I, [2014-01-25T16:01:25.206814 #6297]  INFO -- : 0:  bundler (1.5.1) from /Users/Jordan/.rvm/rubies/ruby-2.0.0-p353/lib/ruby/gems/2.0.0/specifications/bundler-1.5.1.gemspec
I, [2014-01-25T16:01:25.207176 #6297]  INFO -- : 0:  tilt (1.4.1) from /Users/Jordan/.rvm/rubies/ruby-2.0.0-p353/lib/ruby/gems/2.0.0/specifications/tilt-1.4.1.gemspec
I, [2014-01-25T16:01:25.207542 #6297]  INFO -- : 0:  sprockets (2.10.1) from /Users/Jordan/.rvm/rubies/ruby-2.0.0-p353/lib/ruby/gems/2.0.0/specifications/sprockets-2.10.1.gemspec
I, [2014-01-25T16:01:25.207893 #6297]  INFO -- : 0:  sprockets-rails (2.0.1) from /Users/Jordan/.rvm/rubies/ruby-2.0.0-p353/lib/ruby/gems/2.0.0/specifications/sprockets-rails-2.0.1.gemspec
I, [2014-01-25T16:01:25.208235 #6297]  INFO -- : 0:  rails (4.0.0) from /Users/Jordan/.rvm/rubies/ruby-2.0.0-p353/lib/ruby/gems/2.0.0/specifications/rails-4.0.0.gemspec
I, [2014-01-25T16:01:25.208594 #6297]  INFO -- : 0:  rdoc (4.1.1) from /Users/Jordan/.rvm/rubies/ruby-2.0.0-p353/lib/ruby/gems/2.0.0/specifications/rdoc-4.1.1.gemspec
I, [2014-01-25T16:01:26.693534 #6297]  INFO -- : 0:  sass (3.2.14) from /Users/Jordan/.rvm/rubies/ruby-2.0.0-p353/lib/ruby/gems/2.0.0/specifications/sass-3.2.14.gemspec
I, [2014-01-25T16:01:26.694391 #6297]  INFO -- : 0:  sass-rails (4.0.1) from /Users/Jordan/.rvm/rubies/ruby-2.0.0-p353/lib/ruby/gems/2.0.0/specifications/sass-rails-4.0.1.gemspec
I, [2014-01-25T16:01:26.694848 #6297]  INFO -- : 0:  sdoc (0.4.0) from /Users/Jordan/.rvm/rubies/ruby-2.0.0-p353/lib/ruby/gems/2.0.0/specifications/sdoc-0.4.0.gemspec
I, [2014-01-25T16:01:26.695303 #6297]  INFO -- : 0:  turbolinks (2.2.0) from /Users/Jordan/.rvm/rubies/ruby-2.0.0-p353/lib/ruby/gems/2.0.0/specifications/turbolinks-2.2.0.gemspec
I, [2014-01-25T16:01:26.695646 #6297]  INFO -- : 0:  uglifier (2.4.0) from /Users/Jordan/.rvm/rubies/ruby-2.0.0-p353/lib/ruby/gems/2.0.0/specifications/uglifier-2.4.0.gemspec
I, [2014-01-25T16:41:45.729392 #7991]  INFO -- : 0:  rake (10.1.1) from /Users/Jordan/.rvm/rubies/ruby-2.0.0-p353/lib/ruby/gems/2.0.0/specifications/rake-10.1.1.gemspec
I, [2014-01-25T16:41:45.743468 #7991]  INFO -- : 0:  i18n (0.6.9) from /Users/Jordan/.rvm/rubies/ruby-2.0.0-p353/lib/ruby/gems/2.0.0/specifications/i18n-0.6.9.gemspec
I, [2014-01-25T16:41:45.743896 #7991]  INFO -- : 0:  minitest (4.7.5) from /Users/Jordan/.rvm/rubies/ruby-2.0.0-p353/lib/ruby/gems/2.0.0/specifications/minitest-4.7.5.gemspec
I, [2014-01-25T16:41:45.744256 #7991]  INFO -- : 0:  multi_json (1.8.4) from /Users/Jordan/.rvm/rubies/ruby-2.0.0-p353/lib/ruby/gems/2.0.0/specifications/multi_json-1.8.4.gemspec
I, [2014-01-25T16:41:45.744647 #7991]  INFO -- : 0:  atomic (1.1.14) from /Users/Jordan/.rvm/rubies/ruby-2.0.0-p353/lib/ruby/gems/2.0.0/specifications/atomic-1.1.14.gemspec
I, [2014-01-25T16:41:45.744966 #7991]  INFO -- : 0:  thread_safe (0.1.3) from /Users/Jordan/.rvm/rubies/ruby-2.0.0-p353/lib/ruby/gems/2.0.0/specifications/thread_safe-0.1.3.gemspec
I, [2014-01-25T16:41:45.745287 #7991]  INFO -- : 0:  tzinfo (0.3.38) from /Users/Jordan/.rvm/rubies/ruby-2.0.0-p353/lib/ruby/gems/2.0.0/specifications/tzinfo-0.3.38.gemspec
I, [2014-01-25T16:41:45.745606 #7991]  INFO -- : 0:  activesupport (4.0.0) from /Users/Jordan/.rvm/rubies/ruby-2.0.0-p353/lib/ruby/gems/2.0.0/specifications/activesupport-4.0.0.gemspec
I, [2014-01-25T16:41:45.745917 #7991]  INFO -- : 0:  builder (3.1.4) from /Users/Jordan/.rvm/rubies/ruby-2.0.0-p353/lib/ruby/gems/2.0.0/specifications/builder-3.1.4.gemspec
I, [2014-01-25T16:41:45.746238 #7991]  INFO -- : 0:  erubis (2.7.0) from /Users/Jordan/.rvm/rubies/ruby-2.0.0-p353/lib/ruby/gems/2.0.0/specifications/erubis-2.7.0.gemspec
I, [2014-01-25T16:41:45.746553 #7991]  INFO -- : 0:  rack (1.5.2) from /Users/Jordan/.rvm/rubies/ruby-2.0.0-p353/lib/ruby/gems/2.0.0/specifications/rack-1.5.2.gemspec
I, [2014-01-25T16:41:45.746868 #7991]  INFO -- : 0:  rack-test (0.6.2) from /Users/Jordan/.rvm/rubies/ruby-2.0.0-p353/lib/ruby/gems/2.0.0/specifications/rack-test-0.6.2.gemspec
I, [2014-01-25T16:41:45.747179 #7991]  INFO -- : 0:  actionpack (4.0.0) from /Users/Jordan/.rvm/rubies/ruby-2.0.0-p353/lib/ruby/gems/2.0.0/specifications/actionpack-4.0.0.gemspec
I, [2014-01-25T16:41:45.747495 #7991]  INFO -- : 0:  mime-types (1.25.1) from /Users/Jordan/.rvm/rubies/ruby-2.0.0-p353/lib/ruby/gems/2.0.0/specifications/mime-types-1.25.1.gemspec
I, [2014-01-25T16:41:45.747805 #7991]  INFO -- : 0:  polyglot (0.3.3) from /Users/Jordan/.rvm/rubies/ruby-2.0.0-p353/lib/ruby/gems/2.0.0/specifications/polyglot-0.3.3.gemspec
I, [2014-01-25T16:41:45.748119 #7991]  INFO -- : 0:  treetop (1.4.15) from /Users/Jordan/.rvm/rubies/ruby-2.0.0-p353/lib/ruby/gems/2.0.0/specifications/treetop-1.4.15.gemspec
I, [2014-01-25T16:41:45.748425 #7991]  INFO -- : 0:  mail (2.5.4) from /Users/Jordan/.rvm/rubies/ruby-2.0.0-p353/lib/ruby/gems/2.0.0/specifications/mail-2.5.4.gemspec
I, [2014-01-25T16:41:45.748746 #7991]  INFO -- : 0:  actionmailer (4.0.0) from /Users/Jordan/.rvm/rubies/ruby-2.0.0-p353/lib/ruby/gems/2.0.0/specifications/actionmailer-4.0.0.gemspec
I, [2014-01-25T16:41:45.749058 #7991]  INFO -- : 0:  activemodel (4.0.0) from /Users/Jordan/.rvm/rubies/ruby-2.0.0-p353/lib/ruby/gems/2.0.0/specifications/activemodel-4.0.0.gemspec
I, [2014-01-25T16:41:45.749374 #7991]  INFO -- : 0:  activerecord-deprecated_finders (1.0.3) from /Users/Jordan/.rvm/rubies/ruby-2.0.0-p353/lib/ruby/gems/2.0.0/specifications/activerecord-deprecated_finders-1.0.3.gemspec
I, [2014-01-25T16:41:45.749687 #7991]  INFO -- : 0:  arel (4.0.1) from /Users/Jordan/.rvm/rubies/ruby-2.0.0-p353/lib/ruby/gems/2.0.0/specifications/arel-4.0.1.gemspec
I, [2014-01-25T16:41:45.750005 #7991]  INFO -- : 0:  activerecord (4.0.0) from /Users/Jordan/.rvm/rubies/ruby-2.0.0-p353/lib/ruby/gems/2.0.0/specifications/activerecord-4.0.0.gemspec
I, [2014-01-25T16:41:45.750320 #7991]  INFO -- : 0:  thor (0.18.1) from /Users/Jordan/.rvm/rubies/ruby-2.0.0-p353/lib/ruby/gems/2.0.0/specifications/thor-0.18.1.gemspec
I, [2014-01-25T16:41:45.750630 #7991]  INFO -- : 0:  railties (4.0.0) from /Users/Jordan/.rvm/rubies/ruby-2.0.0-p353/lib/ruby/gems/2.0.0/specifications/railties-4.0.0.gemspec
I, [2014-01-25T16:41:45.750940 #7991]  INFO -- : 0:  activerecord-session_store (0.1.0) from /Users/Jordan/.rvm/rubies/ruby-2.0.0-p353/lib/ruby/gems/2.0.0/specifications/activerecord-session_store-0.1.0.gemspec
I, [2014-01-25T16:41:45.751264 #7991]  INFO -- : 0:  coffee-script-source (1.6.3) from /Users/Jordan/.rvm/rubies/ruby-2.0.0-p353/lib/ruby/gems/2.0.0/specifications/coffee-script-source-1.6.3.gemspec
I, [2014-01-25T16:41:45.751607 #7991]  INFO -- : 0:  execjs (2.0.2) from /Users/Jordan/.rvm/rubies/ruby-2.0.0-p353/lib/ruby/gems/2.0.0/specifications/execjs-2.0.2.gemspec
I, [2014-01-25T16:41:45.751918 #7991]  INFO -- : 0:  coffee-script (2.2.0) from /Users/Jordan/.rvm/rubies/ruby-2.0.0-p353/lib/ruby/gems/2.0.0/specifications/coffee-script-2.2.0.gemspec
I, [2014-01-25T16:41:45.752227 #7991]  INFO -- : 0:  coffee-rails (4.0.1) from /Users/Jordan/.rvm/rubies/ruby-2.0.0-p353/lib/ruby/gems/2.0.0/specifications/coffee-rails-4.0.1.gemspec
I, [2014-01-25T16:41:45.752535 #7991]  INFO -- : 0:  hike (1.2.3) from /Users/Jordan/.rvm/rubies/ruby-2.0.0-p353/lib/ruby/gems/2.0.0/specifications/hike-1.2.3.gemspec
I, [2014-01-25T16:41:45.752847 #7991]  INFO -- : 0:  jbuilder (1.5.3) from /Users/Jordan/.rvm/rubies/ruby-2.0.0-p353/lib/ruby/gems/2.0.0/specifications/jbuilder-1.5.3.gemspec
I, [2014-01-25T16:41:45.753154 #7991]  INFO -- : 0:  jquery-rails (3.0.4) from /Users/Jordan/.rvm/rubies/ruby-2.0.0-p353/lib/ruby/gems/2.0.0/specifications/jquery-rails-3.0.4.gemspec
I, [2014-01-25T16:41:45.753476 #7991]  INFO -- : 0:  json (1.8.1) from /Users/Jordan/.rvm/rubies/ruby-2.0.0-p353/lib/ruby/gems/2.0.0/specifications/json-1.8.1.gemspec
I, [2014-01-25T16:41:45.753790 #7991]  INFO -- : 0:  pg (0.17.1) from /Users/Jordan/.rvm/rubies/ruby-2.0.0-p353/lib/ruby/gems/2.0.0/specifications/pg-0.17.1.gemspec
I, [2014-01-25T16:41:45.761990 #7991]  INFO -- : 0:  bundler (1.5.1) from /Users/Jordan/.rvm/rubies/ruby-2.0.0-p353/lib/ruby/gems/2.0.0/specifications/bundler-1.5.1.gemspec
I, [2014-01-25T16:41:45.764542 #7991]  INFO -- : 0:  tilt (1.4.1) from /Users/Jordan/.rvm/rubies/ruby-2.0.0-p353/lib/ruby/gems/2.0.0/specifications/tilt-1.4.1.gemspec
I, [2014-01-25T16:41:45.764944 #7991]  INFO -- : 0:  sprockets (2.10.1) from /Users/Jordan/.rvm/rubies/ruby-2.0.0-p353/lib/ruby/gems/2.0.0/specifications/sprockets-2.10.1.gemspec
I, [2014-01-25T16:41:45.770338 #7991]  INFO -- : 0:  sprockets-rails (2.0.1) from /Users/Jordan/.rvm/rubies/ruby-2.0.0-p353/lib/ruby/gems/2.0.0/specifications/sprockets-rails-2.0.1.gemspec
I, [2014-01-25T16:41:45.770748 #7991]  INFO -- : 0:  rails (4.0.0) from /Users/Jordan/.rvm/rubies/ruby-2.0.0-p353/lib/ruby/gems/2.0.0/specifications/rails-4.0.0.gemspec
I, [2014-01-25T16:41:45.771080 #7991]  INFO -- : 0:  rdoc (4.1.1) from /Users/Jordan/.rvm/rubies/ruby-2.0.0-p353/lib/ruby/gems/2.0.0/specifications/rdoc-4.1.1.gemspec
I, [2014-01-25T16:41:45.771393 #7991]  INFO -- : 0:  sass (3.2.14) from /Users/Jordan/.rvm/rubies/ruby-2.0.0-p353/lib/ruby/gems/2.0.0/specifications/sass-3.2.14.gemspec
I, [2014-01-25T16:41:45.771698 #7991]  INFO -- : 0:  sass-rails (4.0.1) from /Users/Jordan/.rvm/rubies/ruby-2.0.0-p353/lib/ruby/gems/2.0.0/specifications/sass-rails-4.0.1.gemspec
I, [2014-01-25T16:41:45.772243 #7991]  INFO -- : 0:  sdoc (0.4.0) from /Users/Jordan/.rvm/rubies/ruby-2.0.0-p353/lib/ruby/gems/2.0.0/specifications/sdoc-0.4.0.gemspec
I, [2014-01-25T16:41:45.772552 #7991]  INFO -- : 0:  turbolinks (2.2.0) from /Users/Jordan/.rvm/rubies/ruby-2.0.0-p353/lib/ruby/gems/2.0.0/specifications/turbolinks-2.2.0.gemspec
I, [2014-01-25T16:41:45.772857 #7991]  INFO -- : 0:  uglifier (2.4.0) from /Users/Jordan/.rvm/rubies/ruby-2.0.0-p353/lib/ruby/gems/2.0.0/specifications/uglifier-2.4.0.gemspec
I, [2014-01-25T16:51:23.656549 #589]  INFO -- : 0:  rake (10.1.1) from /Users/Jordan/.rvm/rubies/ruby-2.0.0-p353/lib/ruby/gems/2.0.0/specifications/rake-10.1.1.gemspec
I, [2014-01-25T16:51:23.679472 #589]  INFO -- : 0:  i18n (0.6.9) from /Users/Jordan/.rvm/rubies/ruby-2.0.0-p353/lib/ruby/gems/2.0.0/specifications/i18n-0.6.9.gemspec
I, [2014-01-25T16:51:23.680026 #589]  INFO -- : 0:  minitest (4.7.5) from /Users/Jordan/.rvm/rubies/ruby-2.0.0-p353/lib/ruby/gems/2.0.0/specifications/minitest-4.7.5.gemspec
I, [2014-01-25T16:51:23.680607 #589]  INFO -- : 0:  multi_json (1.8.4) from /Users/Jordan/.rvm/rubies/ruby-2.0.0-p353/lib/ruby/gems/2.0.0/specifications/multi_json-1.8.4.gemspec
I, [2014-01-25T16:51:23.681058 #589]  INFO -- : 0:  atomic (1.1.14) from /Users/Jordan/.rvm/rubies/ruby-2.0.0-p353/lib/ruby/gems/2.0.0/specifications/atomic-1.1.14.gemspec
I, [2014-01-25T16:51:23.681484 #589]  INFO -- : 0:  thread_safe (0.1.3) from /Users/Jordan/.rvm/rubies/ruby-2.0.0-p353/lib/ruby/gems/2.0.0/specifications/thread_safe-0.1.3.gemspec
I, [2014-01-25T16:51:23.681912 #589]  INFO -- : 0:  tzinfo (0.3.38) from /Users/Jordan/.rvm/rubies/ruby-2.0.0-p353/lib/ruby/gems/2.0.0/specifications/tzinfo-0.3.38.gemspec
I, [2014-01-25T16:51:23.682438 #589]  INFO -- : 0:  activesupport (4.0.0) from /Users/Jordan/.rvm/rubies/ruby-2.0.0-p353/lib/ruby/gems/2.0.0/specifications/activesupport-4.0.0.gemspec
I, [2014-01-25T16:51:23.682868 #589]  INFO -- : 0:  builder (3.1.4) from /Users/Jordan/.rvm/rubies/ruby-2.0.0-p353/lib/ruby/gems/2.0.0/specifications/builder-3.1.4.gemspec
I, [2014-01-25T16:51:23.683294 #589]  INFO -- : 0:  erubis (2.7.0) from /Users/Jordan/.rvm/rubies/ruby-2.0.0-p353/lib/ruby/gems/2.0.0/specifications/erubis-2.7.0.gemspec
I, [2014-01-25T16:51:23.683723 #589]  INFO -- : 0:  rack (1.5.2) from /Users/Jordan/.rvm/rubies/ruby-2.0.0-p353/lib/ruby/gems/2.0.0/specifications/rack-1.5.2.gemspec
I, [2014-01-25T16:51:23.684154 #589]  INFO -- : 0:  rack-test (0.6.2) from /Users/Jordan/.rvm/rubies/ruby-2.0.0-p353/lib/ruby/gems/2.0.0/specifications/rack-test-0.6.2.gemspec
I, [2014-01-25T16:51:23.684582 #589]  INFO -- : 0:  actionpack (4.0.0) from /Users/Jordan/.rvm/rubies/ruby-2.0.0-p353/lib/ruby/gems/2.0.0/specifications/actionpack-4.0.0.gemspec
I, [2014-01-25T16:51:23.685122 #589]  INFO -- : 0:  mime-types (1.25.1) from /Users/Jordan/.rvm/rubies/ruby-2.0.0-p353/lib/ruby/gems/2.0.0/specifications/mime-types-1.25.1.gemspec
I, [2014-01-25T16:51:23.685559 #589]  INFO -- : 0:  polyglot (0.3.3) from /Users/Jordan/.rvm/rubies/ruby-2.0.0-p353/lib/ruby/gems/2.0.0/specifications/polyglot-0.3.3.gemspec
I, [2014-01-25T16:51:23.686008 #589]  INFO -- : 0:  treetop (1.4.15) from /Users/Jordan/.rvm/rubies/ruby-2.0.0-p353/lib/ruby/gems/2.0.0/specifications/treetop-1.4.15.gemspec
I, [2014-01-25T16:51:23.686444 #589]  INFO -- : 0:  mail (2.5.4) from /Users/Jordan/.rvm/rubies/ruby-2.0.0-p353/lib/ruby/gems/2.0.0/specifications/mail-2.5.4.gemspec
I, [2014-01-25T16:51:23.686890 #589]  INFO -- : 0:  actionmailer (4.0.0) from /Users/Jordan/.rvm/rubies/ruby-2.0.0-p353/lib/ruby/gems/2.0.0/specifications/actionmailer-4.0.0.gemspec
I, [2014-01-25T16:51:23.687328 #589]  INFO -- : 0:  activemodel (4.0.0) from /Users/Jordan/.rvm/rubies/ruby-2.0.0-p353/lib/ruby/gems/2.0.0/specifications/activemodel-4.0.0.gemspec
I, [2014-01-25T16:51:23.687760 #589]  INFO -- : 0:  activerecord-deprecated_finders (1.0.3) from /Users/Jordan/.rvm/rubies/ruby-2.0.0-p353/lib/ruby/gems/2.0.0/specifications/activerecord-deprecated_finders-1.0.3.gemspec
I, [2014-01-25T16:51:23.688202 #589]  INFO -- : 0:  arel (4.0.1) from /Users/Jordan/.rvm/rubies/ruby-2.0.0-p353/lib/ruby/gems/2.0.0/specifications/arel-4.0.1.gemspec
I, [2014-01-25T16:51:23.688633 #589]  INFO -- : 0:  activerecord (4.0.0) from /Users/Jordan/.rvm/rubies/ruby-2.0.0-p353/lib/ruby/gems/2.0.0/specifications/activerecord-4.0.0.gemspec
I, [2014-01-25T16:51:23.689065 #589]  INFO -- : 0:  thor (0.18.1) from /Users/Jordan/.rvm/rubies/ruby-2.0.0-p353/lib/ruby/gems/2.0.0/specifications/thor-0.18.1.gemspec
I, [2014-01-25T16:51:23.689522 #589]  INFO -- : 0:  railties (4.0.0) from /Users/Jordan/.rvm/rubies/ruby-2.0.0-p353/lib/ruby/gems/2.0.0/specifications/railties-4.0.0.gemspec
I, [2014-01-25T16:51:23.689961 #589]  INFO -- : 0:  activerecord-session_store (0.1.0) from /Users/Jordan/.rvm/rubies/ruby-2.0.0-p353/lib/ruby/gems/2.0.0/specifications/activerecord-session_store-0.1.0.gemspec
I, [2014-01-25T16:51:23.690545 #589]  INFO -- : 0:  coffee-script-source (1.6.3) from /Users/Jordan/.rvm/rubies/ruby-2.0.0-p353/lib/ruby/gems/2.0.0/specifications/coffee-script-source-1.6.3.gemspec
I, [2014-01-25T16:51:23.690966 #589]  INFO -- : 0:  execjs (2.0.2) from /Users/Jordan/.rvm/rubies/ruby-2.0.0-p353/lib/ruby/gems/2.0.0/specifications/execjs-2.0.2.gemspec
I, [2014-01-25T16:51:23.691416 #589]  INFO -- : 0:  coffee-script (2.2.0) from /Users/Jordan/.rvm/rubies/ruby-2.0.0-p353/lib/ruby/gems/2.0.0/specifications/coffee-script-2.2.0.gemspec
I, [2014-01-25T16:51:23.691852 #589]  INFO -- : 0:  coffee-rails (4.0.1) from /Users/Jordan/.rvm/rubies/ruby-2.0.0-p353/lib/ruby/gems/2.0.0/specifications/coffee-rails-4.0.1.gemspec
I, [2014-01-25T16:51:23.692272 #589]  INFO -- : 0:  hike (1.2.3) from /Users/Jordan/.rvm/rubies/ruby-2.0.0-p353/lib/ruby/gems/2.0.0/specifications/hike-1.2.3.gemspec
I, [2014-01-25T16:51:23.692822 #589]  INFO -- : 0:  jbuilder (1.5.3) from /Users/Jordan/.rvm/rubies/ruby-2.0.0-p353/lib/ruby/gems/2.0.0/specifications/jbuilder-1.5.3.gemspec
I, [2014-01-25T16:51:23.693273 #589]  INFO -- : 0:  jquery-rails (3.0.4) from /Users/Jordan/.rvm/rubies/ruby-2.0.0-p353/lib/ruby/gems/2.0.0/specifications/jquery-rails-3.0.4.gemspec
I, [2014-01-25T16:51:23.693730 #589]  INFO -- : 0:  json (1.8.1) from /Users/Jordan/.rvm/rubies/ruby-2.0.0-p353/lib/ruby/gems/2.0.0/specifications/json-1.8.1.gemspec
I, [2014-01-25T16:51:23.694173 #589]  INFO -- : 0:  pg (0.17.1) from /Users/Jordan/.rvm/rubies/ruby-2.0.0-p353/lib/ruby/gems/2.0.0/specifications/pg-0.17.1.gemspec
I, [2014-01-25T16:51:23.694575 #589]  INFO -- : 0:  bundler (1.5.1) from /Users/Jordan/.rvm/rubies/ruby-2.0.0-p353/lib/ruby/gems/2.0.0/specifications/bundler-1.5.1.gemspec
I, [2014-01-25T16:51:23.695014 #589]  INFO -- : 0:  tilt (1.4.1) from /Users/Jordan/.rvm/rubies/ruby-2.0.0-p353/lib/ruby/gems/2.0.0/specifications/tilt-1.4.1.gemspec
I, [2014-01-25T16:51:23.695463 #589]  INFO -- : 0:  sprockets (2.10.1) from /Users/Jordan/.rvm/rubies/ruby-2.0.0-p353/lib/ruby/gems/2.0.0/specifications/sprockets-2.10.1.gemspec
I, [2014-01-25T16:51:23.695905 #589]  INFO -- : 0:  sprockets-rails (2.0.1) from /Users/Jordan/.rvm/rubies/ruby-2.0.0-p353/lib/ruby/gems/2.0.0/specifications/sprockets-rails-2.0.1.gemspec
I, [2014-01-25T16:51:23.696359 #589]  INFO -- : 0:  rails (4.0.0) from /Users/Jordan/.rvm/rubies/ruby-2.0.0-p353/lib/ruby/gems/2.0.0/specifications/rails-4.0.0.gemspec
I, [2014-01-25T16:51:23.696804 #589]  INFO -- : 0:  rdoc (4.1.1) from /Users/Jordan/.rvm/rubies/ruby-2.0.0-p353/lib/ruby/gems/2.0.0/specifications/rdoc-4.1.1.gemspec
I, [2014-01-25T16:51:23.697251 #589]  INFO -- : 0:  sass (3.2.14) from /Users/Jordan/.rvm/rubies/ruby-2.0.0-p353/lib/ruby/gems/2.0.0/specifications/sass-3.2.14.gemspec
I, [2014-01-25T16:51:23.697692 #589]  INFO -- : 0:  sass-rails (4.0.1) from /Users/Jordan/.rvm/rubies/ruby-2.0.0-p353/lib/ruby/gems/2.0.0/specifications/sass-rails-4.0.1.gemspec
I, [2014-01-25T16:51:23.698131 #589]  INFO -- : 0:  sdoc (0.4.0) from /Users/Jordan/.rvm/rubies/ruby-2.0.0-p353/lib/ruby/gems/2.0.0/specifications/sdoc-0.4.0.gemspec
I, [2014-01-25T16:51:23.698586 #589]  INFO -- : 0:  turbolinks (2.2.0) from /Users/Jordan/.rvm/rubies/ruby-2.0.0-p353/lib/ruby/gems/2.0.0/specifications/turbolinks-2.2.0.gemspec
I, [2014-01-25T16:51:23.699027 #589]  INFO -- : 0:  uglifier (2.4.0) from /Users/Jordan/.rvm/rubies/ruby-2.0.0-p353/lib/ruby/gems/2.0.0/specifications/uglifier-2.4.0.gemspec
